\# Program start time:     UTC 2020.03.01 23:17:01.476
\# Local time: EST (UTC-05:00) 2020.03.01 18:17:01.476
\o Program:		@(#)$CDS: virtuoso version 6.1.8-64b 10/01/2018 20:02 (ip-172-18-22-57) $
\o Hierarchy:		/cad/cds/IC618/tools.lnx86/dfII/
\o Sub version:		sub-version  IC6.1.8-64b.83  (64-bit addresses)
\# Command line:	/cad/cds/IC618/tools/dfII/bin/64bit/virtuoso
\# Host name (type):	Tera.Eng.HMC.Edu (x86_64)
\# Operating system:	Linux 3.10.0-957.5.1.el7.x86_64 #1 SMP Fri Feb 1 14:54:57 UTC 2019
\# Linux /etc/issue:	\S
\# Linux /etc/issue:	Kernel \r on an \m
\# X display name (WxH):	localhost:11.0 (1920x1080)
\# Available geometry:			TL(0:0) BR(1919:1079)
\# X server:			Colin Harrison
\# Depth of Visual (Root):	24 (24)
\# Number of Planes Used:	24
\# X version:		11.0 (vendor release 60900031)
\# X resource pool:	base 0xa00000, mask 0x1fffff (2097151), shift 0
\# 			current id 0x0, current max 0x1ffffa (2097146)
\# Max data seg size:	     unlimited
\# Max process size:	     unlimited
\# Initial sbrk value:	        510 MB
\# Available memory:	     82,379 MB
\# System memory:	     99,203 MB
\# Maximum memory size:	     98,836 MB
\# Max mem available:	     82,521 MB
\# Initial memory used:	        142 MB
\#        process size:	      1,294 MB
\# Thread usage limits (effective/default):	maxthreads 4096/4096 maxload 56.00/56.00
\# Qt version:		5.9.1
\# Window Manager:	other
\# User Name:		jschallert
\o Working Directory:	Tera.Eng.HMC.Edu:/home/jschallert/IC_CAD/cadence/lab3_JS
\# Process Id:		42055
\o 
\o COPYRIGHT (C) 1992-2018  CADENCE DESIGN SYSTEMS INC.  ALL RIGHTS RESERVED.
\o           (C) 1992-2018  UNIX SYSTEMS Laboratories INC.,
\o                          Reproduced with permission.
\o 
\o This Cadence Design Systems program and online documentation are
\o proprietary/confidential information and may be disclosed/used only
\o as authorized in a license agreement controlling such use and disclosure.
\o 
\o           RESTRICTED RIGHTS NOTICE (SHORT FORM)
\o Use/reproduction/disclosure is subject to restriction
\o set forth at FAR 1252.227-19 or its equivalent.
\w Qt Warning: QXcbConnection: XCB error: 170 (Unknown), sequence: 172, resource id: 90, major code: 146 (Unknown), minor code: 20
\# Memory report: using         292 MB, process size 1,449 MB at UTC 2020.03.01 23:17:02.111
\o INFO (DB-120008): oaSocket connection timeout value was set to 1 seconds.
\o Loading geView.cxt 
\o Loading menuBuilder.cxt 
\o Loading schView.cxt 
\o Loading selectSv.cxt 
\o Loading wireEdit.cxt 
\o Loading pte2.cxt 
\o Loading xlUI.cxt 
\o Loading auCore.cxt 
\o Loading vhdl.cxt 
\o Loading seismic.cxt 
\o Loading ci.cxt 
\o Loading layers.cxt 
\o Loading ams.cxt 
\o Loading cli.cxt 
\o Loading cle.cxt 
\o Virtuoso Framework License (111) was checked out successfully. Total checkout time was 0.09s.
\w *WARNING* LIB controller_JS from File /home/jschallert/IC_CAD/cadence/lab3_JS/cds.lib Line 13 redefines
\w LIB controller_JS from the same file (defined earlier.)
\# Available memory:         82,293 MB at UTC 2020.03.01 23:17:13.002
\# Memory report: Maximum memory size now 82,665 MB at UTC 2020.03.01 23:17:13.003
\# Thread usage report: 59 active threads, active load 1.00 at UTC 2020.03.01 23:17:13.003
\w *WARNING* LIB controller_JS from File /home/jschallert/IC_CAD/cadence/lab3_JS/cds.lib Line 14 redefines
\w LIB controller_JS from the same file (defined earlier.)
\o Loading NCSU CDK 1.6.0 beta customizations...
\o loading vars from /proj/ncsu/ncsu-cdk-1.6.0.beta/cdssetup/cdsenv for tool adle
\o loading vars from /proj/ncsu/ncsu-cdk-1.6.0.beta/cdssetup/cdsenv for tool asimenv
\o loading vars from /proj/ncsu/ncsu-cdk-1.6.0.beta/cdssetup/cdsenv for tool ddserv
\o loading vars from /proj/ncsu/ncsu-cdk-1.6.0.beta/cdssetup/cdsenv for tool layout
\o loading vars from /proj/ncsu/ncsu-cdk-1.6.0.beta/cdssetup/cdsenv for tool schematic
\o loading vars from /proj/ncsu/ncsu-cdk-1.6.0.beta/cdssetup/cdsenv for tool ui
\o loading vars from ~/.cdsenv for tool license
\o Loading NCSU SKILL routines...
\o libManager Qt Warning: QXcbConnection: XCB error: 1 (BadRequest), sequence: 170, resource id: 90, major code: 146 (Unknown), minor code: 31
\o libManager Qt Warning: failed to get the primary output of the screen
\o libManager Qt Warning: QXcbConnection: XCB error: 170 (Unknown), sequence: 172, resource id: 90, major code: 146 (Unknown), minor code: 20
\o libManager Qt Warning: QXcbConnection: XCB error: 1 (BadRequest), sequence: 170, resource id: 90, major code: 146 (Unknown), minor code: 31
\o libManager Qt Warning: failed to get the primary output of the screen
\o libManager Qt Warning: QXcbConnection: XCB error: 170 (Unknown), sequence: 172, resource id: 90, major code: 146 (Unknown), minor code: 20
\w *WARNING* LIB controller_JS from File /home/jschallert/IC_CAD/cadence/lab3_JS/cds.lib Line 13 redefines
\w LIB controller_JS from the same file (defined earlier.)
\w *WARNING* LIB controller_JS from File /home/jschallert/IC_CAD/cadence/lab3_JS/cds.lib Line 14 redefines
\w LIB controller_JS from the same file (defined earlier.)
\o Done loading NCSU_CDK customizations.
\p > 
\o Loading pe.cxt 
\w *WARNING* could not load font "-*-courier-medium-r-*-*-12-*", using font "fixed"
\a _treeSetOpcGUI(t)
\r t
\a hiResizeWindow(window(1) list(319:125 1114:318))
\r t
\i ddsServOpen("muddlib11" "flopenr_dp_1x" "layout" "edit" nil)
\o Loading le.cxt 
\w *WARNING* could not load font "-*-helvetica-medium-r-*-*-12-*", using font "fixed"
\w *WARNING* Font name -*-helvetica-medium-r-*-*-12-* is invalid 
\w *WARNING* Font name -*-helvetica-medium-r-*-*-12-* is invalid 
\# Memory report: using         396 MB, process size 1,562 MB at UTC 2020.03.01 23:17:40.757
\# Thread usage report: 57 active threads, active load 1.00 at UTC 2020.03.01 23:17:41.046
\w *WARNING* Font name -*-helvetica-medium-r-*-*-12-* is invalid 
\w *WARNING* LIB controller_JS from File /home/jschallert/IC_CAD/cadence/lab3_JS/cds.lib Line 13 redefines
\w LIB controller_JS from the same file (defined earlier.)
\w *WARNING* LIB controller_JS from File /home/jschallert/IC_CAD/cadence/lab3_JS/cds.lib Line 14 redefines
\w LIB controller_JS from the same file (defined earlier.)
\o Loading drdEdit.cxt 
\o Loading soi.cxt 
\o Getting layout propert bagLoading wsp.cxt 
\o Load shared object file /cad/cds/ASSURA615/tools.lnx86/assura/lib/64bit/libavview.so
\w *WARNING* dlopen: /cad/cds/ASSURA615/tools.lnx86/assura/lib/64bit/libavview.so: /cad/cds/ASSURA615/tools.lnx86/assura/lib/64bit/libavview.so: undefined symbol: _XmStrings
\w *WARNING* Failed to open shared object file /cad/cds/ASSURA615/tools.lnx86/assura/lib/64bit/libavview.so
\w *WARNING* (LE-104272): Assura has not been installed in this hierarchy.
\o Loading mpt.cxt 
\o Loading vb.cxt 
\o Loading see.cxt 
\o Loading oi.cxt 
\o Loading treeAssistant.cxt 
\o Loading asst.cxt 
\o Loading lx.cxt 
\o Loading lce.cxt 
\w *WARNING* Font name -*-helvetica-medium-r-*-*-12-* is invalid 
\w *WARNING* Font name -*-helvetica-medium-r-*-*-12-* is invalid 
\w *WARNING* Font name -*-helvetica-medium-r-*-*-12-* is invalid 
\o Loading rte.cxt 
\o Loading hsm.cxt 
\a when(dwindow('ptePaletteAssistant1) hiMapWindow(dwindow('ptePaletteAssistant1)))
\r t
\a hiResizeWindow(swindow(1) list(0:40 1920:1057))
\r t
\a leHiCreateMeasurement()
\p > 
\a mouseAddPt(t)
\i 0.072:-0.33
\r t
\a cancelEnterFun()
\r t
\r nil
\a leHiCreateMeasurement()
\p > 
\a mouseAddPt(t)
\i 44.256:28.703
\r t
\a cancelEnterFun()
\r t
\r nil
\a hiCloseWindow(swindow(1))
\r Getting layout propert bagt
\i ddsServOpen("muddlib11" "inv_1x" "layout" "edit" nil)
\o Getting layout propert bagLoad shared object file /cad/cds/ASSURA615/tools.lnx86/assura/lib/64bit/libavview.so
\w *WARNING* dlopen: /cad/cds/ASSURA615/tools.lnx86/assura/lib/64bit/libavview.so: /cad/cds/ASSURA615/tools.lnx86/assura/lib/64bit/libavview.so: undefined symbol: _XmStrings
\w *WARNING* Failed to open shared object file /cad/cds/ASSURA615/tools.lnx86/assura/lib/64bit/libavview.so
\w *WARNING* (LE-104272): Assura has not been installed in this hierarchy.
\a when(dwindow('ptePaletteAssistant2) hiMapWindow(dwindow('ptePaletteAssistant2)))
\r t
\a leHiCreateMeasurement()
\p > 
\a mouseAddPt(t)
\i -0.075:0.592
\r t
\a cancelEnterFun()
\r t
\r nil
\a hiCloseWindow(swindow(2))
\r Getting layout propert bagt
\i ddsServOpen("muddlib11" "nand3_1x" "" "edit" nil)
\w *WARNING* LIB controller_JS from File /home/jschallert/IC_CAD/cadence/lab3_JS/cds.lib Line 13 redefines
\w LIB controller_JS from the same file (defined earlier.)
\w *WARNING* LIB controller_JS from File /home/jschallert/IC_CAD/cadence/lab3_JS/cds.lib Line 14 redefines
\w LIB controller_JS from the same file (defined earlier.)
\p > 
\a hiiSetCurrentForm('deOpenForm)
\r t
\a hiFormCancel(deOpenForm)
\r t
\i ddsServOpen("muddlib11" "nand3_1x" "layout" "edit" nil)
\o Getting layout propert bagLoad shared object file /cad/cds/ASSURA615/tools.lnx86/assura/lib/64bit/libavview.so
\w *WARNING* dlopen: /cad/cds/ASSURA615/tools.lnx86/assura/lib/64bit/libavview.so: /cad/cds/ASSURA615/tools.lnx86/assura/lib/64bit/libavview.so: undefined symbol: _XmStrings
\w *WARNING* Failed to open shared object file /cad/cds/ASSURA615/tools.lnx86/assura/lib/64bit/libavview.so
\w *WARNING* (LE-104272): Assura has not been installed in this hierarchy.
\a when(dwindow('ptePaletteAssistant3) hiMapWindow(dwindow('ptePaletteAssistant3)))
\r t
\a leHiCreateMeasurement()
\p > 
\a mouseAddPt(t)
\i 0.059:1.01
\r t
\a cancelEnterFun()
\r t
\r nil
\a hiCloseWindow(swindow(3))
\r Getting layout propert bagt
\i ddsServOpen("muddlib11" "nand2_1x" "layout" "edit" nil)
\o Getting layout propert bagLoad shared object file /cad/cds/ASSURA615/tools.lnx86/assura/lib/64bit/libavview.so
\w *WARNING* dlopen: /cad/cds/ASSURA615/tools.lnx86/assura/lib/64bit/libavview.so: /cad/cds/ASSURA615/tools.lnx86/assura/lib/64bit/libavview.so: undefined symbol: _XmStrings
\w *WARNING* Failed to open shared object file /cad/cds/ASSURA615/tools.lnx86/assura/lib/64bit/libavview.so
\w *WARNING* (LE-104272): Assura has not been installed in this hierarchy.
\a when(dwindow('ptePaletteAssistant4) hiMapWindow(dwindow('ptePaletteAssistant4)))
\r t
\a leHiCreateMeasurement()
\p > 
\a mouseAddPt(t)
\i -0.306:9.358
\r t
\a cancelEnterFun()
\r t
\r nil
\a hiCloseWindow(swindow(4))
\r Getting layout propert bagt
\i ddsServOpen("muddlib11" "mux2_dp_1x" "" "edit" nil)
\w *WARNING* LIB controller_JS from File /home/jschallert/IC_CAD/cadence/lab3_JS/cds.lib Line 13 redefines
\w LIB controller_JS from the same file (defined earlier.)
\w *WARNING* LIB controller_JS from File /home/jschallert/IC_CAD/cadence/lab3_JS/cds.lib Line 14 redefines
\w LIB controller_JS from the same file (defined earlier.)
\p > 
\a hiiSetCurrentForm('deOpenForm)
\r t
\a _deCellChoiceCB()
\r "cmos_sch"
\a hiFormCancel(deOpenForm) 
\r t
\i ddsServOpen("muddlib11" "mux2_dp_1x" "layout" "edit" nil)
\o Getting layout propert bagLoad shared object file /cad/cds/ASSURA615/tools.lnx86/assura/lib/64bit/libavview.so
\w *WARNING* dlopen: /cad/cds/ASSURA615/tools.lnx86/assura/lib/64bit/libavview.so: /cad/cds/ASSURA615/tools.lnx86/assura/lib/64bit/libavview.so: undefined symbol: _XmStrings
\w *WARNING* Failed to open shared object file /cad/cds/ASSURA615/tools.lnx86/assura/lib/64bit/libavview.so
\w *WARNING* (LE-104272): Assura has not been installed in this hierarchy.
\a when(dwindow('ptePaletteAssistant5) hiMapWindow(dwindow('ptePaletteAssistant5)))
\r t
\a leHiCreateMeasurement()
\p > 
\a mouseAddPt(t)
\i -0.045:11.088
\r t
\a hiCloseWindow(swindow(5))
\r Getting layout propert bagt
\r nil
\i ddsServOpen("muddlib11" "fulladder" "layout" "edit" nil)
\o Getting layout propert bagLoad shared object file /cad/cds/ASSURA615/tools.lnx86/assura/lib/64bit/libavview.so
\w *WARNING* dlopen: /cad/cds/ASSURA615/tools.lnx86/assura/lib/64bit/libavview.so: /cad/cds/ASSURA615/tools.lnx86/assura/lib/64bit/libavview.so: undefined symbol: _XmStrings
\w *WARNING* Failed to open shared object file /cad/cds/ASSURA615/tools.lnx86/assura/lib/64bit/libavview.so
\w *WARNING* (LE-104272): Assura has not been installed in this hierarchy.
\a when(dwindow('ptePaletteAssistant6) hiMapWindow(dwindow('ptePaletteAssistant6)))
\r t
\a leHiCreateMeasurement()
\p > 
\a mouseAddPt(t)
\i 0.064:2.734
\r t
\a hiCloseWindow(swindow(6))
\r Getting layout propert bagt
\r nil
\a hiQuit()
\# Displaying modal dbox "hiQuitDBox", title "Quit"
\p > 
\a hiDBoxOK(hiQuitDBox)
\r t
\o 
\# Memory report: on exit            437 MB, process size 1,602 MB at UTC 2020.03.02 00:21:12.454
\# Memory report: peak usage         437 MB, process size 1,602 MB
\e IO Error 2 (No such file or directory) during exit
\e Aborting due to fatal X IO error.
