QXcbConnection: XCB error: 1 (BadRequest), sequence: 170, resource id: 90, major code: 146 (Unknown), minor code: 31
failed to get the primary output of the screen
QIODevice::write (QBuffer): device not open
matchFamilyName("sans") 
  Success: DejaVu Sans  (/usr/share/fonts/dejavu/DejaVuSans.ttf)
Server listening on port 5621
matchFamilyName("Nimbus Roman No9 L") 
matchFamilyName("") 
  Success: DejaVu Sans  (/usr/share/fonts/dejavu/DejaVuSans.ttf)
matchFamilyName("Arial") 
  Success: Liberation Sans  (/usr/share/fonts/liberation/LiberationSans-Regular.ttf)
::1:49686 connected!
matchFamilyName("Nimbus Roman No9 L") 
matchFamilyName("") 
  Success: DejaVu Sans  (/usr/share/fonts/dejavu/DejaVuSans-Bold.ttf)
matchFamilyName("Nimbus Roman No9 L") 
matchFamilyName("Nimbus Roman No9 L") 
matchFamilyName("DejaVu Sans") 
  Success: DejaVu Sans  (/usr/share/fonts/dejavu/DejaVuSans.ttf)
matchFamilyName("Arial") 
  Success: Liberation Sans  (/usr/share/fonts/liberation/LiberationSans-Bold.ttf)
matchFamilyName("Nimbus Roman No9 L") 
matchFamilyName("Nimbus Roman No9 L") 
matchFamilyName("Nimbus Roman No9 L") 
matchFamilyName("Nimbus Roman No9 L") 
matchFamilyName("") 
  Success: DejaVu Sans  (/usr/share/fonts/dejavu/DejaVuSans-Oblique.ttf)
matchFamilyName("DejaVu Sans") 
  Success: DejaVu Sans  (/usr/share/fonts/dejavu/DejaVuSans-Bold.ttf)
matchFamilyName("Arial") 
  Success: Liberation Sans  (/usr/share/fonts/liberation/LiberationSans-Italic.ttf)
matchFamilyName("DejaVu Sans") 
  Success: DejaVu Sans  (/usr/share/fonts/dejavu/DejaVuSans-Oblique.ttf)
matchFamilyName("Helvetica") 
