Virtuoso Framework License (111) was checked out successfully. Total checkout time was 0.03s.
INFO (DB-120008): oaSocket connection timeout value was set to 1 seconds.
Loading .simrc from /proj/ncsu/rel/cdssetup/simrc.UofU
*WARNING* LIB controller_JS from File /home/jschallert/IC_CAD/cadence/lab3_JS/cds.lib Line 13 redefines
LIB controller_JS from the same file (defined earlier.)

Running simulation in directory: "/home/jschallert/IC_CAD/cadence/lab3_JS/LVS".

*WARNING* LIB controller_JS from File /home/jschallert/IC_CAD/cadence/lab3_JS/cds.lib Line 13 redefines
LIB controller_JS from the same file (defined earlier.)
*WARNING* LIB controller_JS from File /home/jschallert/IC_CAD/cadence/lab3_JS/cds.lib Line 14 redefines
LIB controller_JS from the same file (defined earlier.)


Begin netlist:    Feb 24 08:04:30 2020
	view name list	= ("auLvs" "extracted")
	stop name list	= ("auLvs")
	library name	= "controller_JS"
	cell name	= "aludec"
	view name	= "extracted"
	globals lib	= "basic"
Running Artist Flat Netlisting ...
*WARNING* Parameter 'lxUseCell' already exists.
End netlist:    Feb 24 08:04:31 2020

Moving original netlist to extNetlist
Removing parasitic components from netlist
	presistors removed:  0
	pcapacitors removed: 0
	pinductors removed:  0
	pdiodes removed:     0
	trans lines removed: 0
	28 nodes merged into 28 nodes


Begin netlist:    Feb 24 08:04:31 2020
	view name list	= ("auLvs" "cmos_sch" "schematic" "symbol")
	stop name list	= ("auLvs")
	library name	= "controller_JS"
	cell name	= "aludec"
	view name	= "schematic"
	globals lib	= "basic"
Running Artist Flat Netlisting ...
*WARNING* Parameter 'lxUseCell' already exists.
End netlist:    Feb 24 08:04:32 2020

Moving original netlist to extNetlist
Removing parasitic components from netlist
	presistors removed:  0
	pcapacitors removed: 0
	pinductors removed:  0
	pdiodes removed:     0
	trans lines removed: 0
	61 nodes merged into 61 nodes

Running netlist comparison program:  LVS
Begin comparison:    Feb 24 08:04:32 2020
@(#)$CDS: LVS version 6.1.8-64b 10/01/2018 19:50 (ip-172-18-22-57) $

1 net-list ambiguity was resolved by random selection.

The net-lists failed to match.

                             layout  schematic
                                instances
        un-matched              0       0      
        rewired                 0       0      
        size errors             0       0      
        pruned                  0       0      
        active                  38      38     
        total                   38      38     

                                  nets
        un-matched              0       0      
        merged                  1       0      
        pruned                  0       0      
        active                  28      27     
        total                   28      27     

                                terminals
        un-matched              0       0      
        matched but
        different type          0       0      
        total                   11      11     
End comparison:      Feb 24 08:04:33 2020


Comparison program completed successfully.
