Virtuoso Framework License (111) was checked out successfully. Total checkout time was 0.50s.
Loading .simrc from /proj/ncsu/rel/cdssetup/simrc.UofU
*Error* eval: undefined function - _lbuiNextLicenseDialog
*Error* eval: undefined function - _lbuiNextLicenseDialog

Running simulation in directory: "/hdd/home/jschallert/IC_CAD/cadence/LVS".



Begin netlist:    Feb 11 10:27:39 2019
	view name list	= ("auLvs" "extracted")
	stop name list	= ("auLvs")
	library name	= "lab1_JS"
	cell name	= "or2"
	view name	= "extracted"
	globals lib	= "basic"
Running Artist Flat Netlisting ...
*WARNING* Parameter 'lxUseCell' already exists.
End netlist:    Feb 11 10:27:40 2019

Moving original netlist to extNetlist
Removing parasitic components from netlist
	presistors removed:  0
	pcapacitors removed: 0
	pinductors removed:  0
	pdiodes removed:     0
	trans lines removed: 0
	7 nodes merged into 7 nodes


Begin netlist:    Feb 11 10:27:40 2019
	view name list	= ("auLvs" "cmos_sch" "schematic" "symbol")
	stop name list	= ("auLvs")
	library name	= "lab1_JS"
	cell name	= "or2"
	view name	= "schematic"
	globals lib	= "basic"
Running Artist Flat Netlisting ...
*Error* eval: undefined function - _lbuiNextLicenseDialog
*Error* eval: undefined function - _lbuiNextLicenseDialog
*WARNING* Parameter 'lxUseCell' already exists.
End netlist:    Feb 11 10:27:41 2019

Moving original netlist to extNetlist
Removing parasitic components from netlist
	presistors removed:  0
	pcapacitors removed: 0
	pinductors removed:  0
	pdiodes removed:     0
	trans lines removed: 0
	8 nodes merged into 8 nodes

Running netlist comparison program:  LVS
Begin comparison:    Feb 11 10:27:42 2019
@(#)$CDS: LVS version 6.1.8-64b 10/01/2018 19:50 (ip-172-18-22-57) $

The net-lists match.

                             layout  schematic
                                instances
        un-matched              0       0      
        rewired                 0       0      
        size errors             0       0      
        pruned                  0       0      
        active                  6       6      
        total                   6       6      

                                  nets
        un-matched              0       0      
        merged                  0       0      
        pruned                  0       0      
        active                  7       7      
        total                   7       7      

                                terminals
        un-matched              0       0      
        matched but
        different type          0       0      
        total                   0       5      
End comparison:      Feb 11 10:27:42 2019
*Error* eval: undefined function - _lbuiNextLicenseDialog
*Error* eval: undefined function - _lbuiNextLicenseDialog


Comparison program completed successfully.
