@(#)$CDS: LVS version 6.1.8-64b 10/01/2018 19:50 (ip-172-18-22-57) $

Command line: /hdd/cad/cds/IC618/tools.lnx86/dfII/bin/64bit/LVS -dir /hdd/home/jschallert/IC_CAD/cadence/LVS -l -s -t /hdd/home/jschallert/IC_CAD/cadence/LVS/layout /hdd/home/jschallert/IC_CAD/cadence/LVS/schematic
Like matching is enabled.
Net swapping is enabled.
Using terminal names as correspondence points.

    Net-list summary for /hdd/home/jschallert/IC_CAD/cadence/LVS/layout/netlist
       count
        7               nets
        0               terminals
        3               pmos
        3               nmos

    Net-list summary for /hdd/home/jschallert/IC_CAD/cadence/LVS/schematic/netlist
       count
        7               nets
        5               terminals
        3               pmos
        3               nmos

Devices in the netlist but not in the rules:
        pmos nmos

The net-lists match.

                             layout  schematic
                                instances
        un-matched              0       0      
        rewired                 0       0      
        size errors             0       0      
        pruned                  0       0      
        active                  6       6      
        total                   6       6      

                                  nets
        un-matched              0       0      
        merged                  0       0      
        pruned                  0       0      
        active                  7       7      
        total                   7       7      

                                terminals
        un-matched              0       0      
        matched but
        different type          0       0      
        total                   0       5      


Probe files from /hdd/home/jschallert/IC_CAD/cadence/LVS/schematic

devbad.out:

netbad.out:

mergenet.out:

termbad.out:

prunenet.out:

prunedev.out:

audit.out:


Probe files from /hdd/home/jschallert/IC_CAD/cadence/LVS/layout

devbad.out:

netbad.out:

mergenet.out:

termbad.out:

prunenet.out:

prunedev.out:

audit.out:
