Virtuoso Framework License (111) was checked out successfully. Total checkout time was 0.04s.
INFO (DB-120008): oaSocket connection timeout value was set to 1 seconds.
Loading .simrc from /proj/ncsu/rel/cdssetup/simrc.UofU

Running simulation in directory: "/home/jschallert/IC_CAD/cadence/LVS".

*WARNING* The directory: '/courses/e158/20/lib/oa/HMC_Sheets_8ths' does not exist
	but was defined in libFile '/home/jschallert/IC_CAD/cadence/cds.lib' for Lib 'HMC_Sheets_8ths'.


Begin netlist:    Feb  3 10:58:02 2020
	view name list	= ("auLvs" "extracted")
	stop name list	= ("auLvs")
	library name	= "lab1_JS"
	cell name	= "or2"
	view name	= "extracted"
	globals lib	= "basic"
Running Artist Flat Netlisting ...
*WARNING* Parameter 'lxUseCell' already exists.
End netlist:    Feb  3 10:58:02 2020

Moving original netlist to extNetlist
Removing parasitic components from netlist
	presistors removed:  0
	pcapacitors removed: 0
	pinductors removed:  0
	pdiodes removed:     0
	trans lines removed: 0
	7 nodes merged into 7 nodes


Begin netlist:    Feb  3 10:58:03 2020
	view name list	= ("auLvs" "cmos_sch" "schematic" "symbol")
	stop name list	= ("auLvs")
	library name	= "lab1_JS"
	cell name	= "or2"
	view name	= "schematic"
	globals lib	= "basic"
Running Artist Flat Netlisting ...
*WARNING* Parameter 'lxUseCell' already exists.
End netlist:    Feb  3 10:58:03 2020

Moving original netlist to extNetlist
Removing parasitic components from netlist
	presistors removed:  0
	pcapacitors removed: 0
	pinductors removed:  0
	pdiodes removed:     0
	trans lines removed: 0
	8 nodes merged into 8 nodes

Running netlist comparison program:  LVS
Begin comparison:    Feb  3 10:58:04 2020
@(#)$CDS: LVS version 6.1.8-64b 10/01/2018 19:50 (ip-172-18-22-57) $

The net-lists match.

                             layout  schematic
                                instances
        un-matched              0       0      
        rewired                 0       0      
        size errors             0       0      
        pruned                  0       0      
        active                  6       6      
        total                   6       6      

                                  nets
        un-matched              0       0      
        merged                  0       0      
        pruned                  0       0      
        active                  7       7      
        total                   7       7      

                                terminals
        un-matched              0       0      
        matched but
        different type          0       0      
        total                   5       5      
End comparison:      Feb  3 10:58:05 2020


Comparison program completed successfully.
