@(#)$CDS: LVS version 6.1.8-64b 10/01/2018 19:50 (ip-172-18-22-57) $

Command line: /cad/cds/IC618/tools.lnx86/dfII/bin/64bit/LVS -dir /home/jschallert/IC_CAD/cadence/LVS -l -s -x/home/jschallert/IC_CAD/cadence/LVS/xref.out -f -t /home/jschallert/IC_CAD/cadence/LVS/layout /home/jschallert/IC_CAD/cadence/LVS/schematic
Like matching is enabled.
Net swapping is enabled.
Creating cross reference file /home/jschallert/IC_CAD/cadence/LVS/xref.out.
Fixed device checking is enabled.
Using terminal names as correspondence points.
Compiling Diva LVS rules...

    Net-list summary for /home/jschallert/IC_CAD/cadence/LVS/layout/netlist
       count
        7               nets
        5               terminals
        3               pmos
        3               nmos

    Net-list summary for /home/jschallert/IC_CAD/cadence/LVS/schematic/netlist
       count
        7               nets
        5               terminals
        3               pmos
        3               nmos


    Terminal correspondence points
    N4        N4        a
    N3        N5        b
    N2        N1        gnd!
    N5        N0        vdd!
    N6        N2        y

Devices in the rules but not in the netlist:
        cap nfet pfet nmos4 pmos4

The net-lists match.

                             layout  schematic
                                instances
        un-matched              0       0      
        rewired                 0       0      
        size errors             0       0      
        pruned                  0       0      
        active                  6       6      
        total                   6       6      

                                  nets
        un-matched              0       0      
        merged                  0       0      
        pruned                  0       0      
        active                  7       7      
        total                   7       7      

                                terminals
        un-matched              0       0      
        matched but
        different type          0       0      
        total                   5       5      


Probe files from /home/jschallert/IC_CAD/cadence/LVS/schematic

devbad.out:

netbad.out:

mergenet.out:

termbad.out:

prunenet.out:

prunedev.out:

audit.out:


Probe files from /home/jschallert/IC_CAD/cadence/LVS/layout

devbad.out:

netbad.out:

mergenet.out:

termbad.out:

prunenet.out:

prunedev.out:

audit.out:
