Checking out Encounter license ...
Virtuoso_Digital_Implem 10.1 license checkout succeeded.
	Maximum number of instance allowed (1 x 50000).
**ERROR: (ENCOAX-148):	Could not open shared library libfeoax22.so : liboaDesign.so: cannot open shared object file: No such file or directory

**ERROR: (ENCOAX-148):	OA features will be disabled in this session.


*******************************************************************
*   Copyright (c)  Cadence Design Systems, Inc.  1996 - 2011.     *
*                     All rights reserved.                        *
*                                                                 *
*                                                                 *
*                                                                 *
* This program contains confidential and trade secret information *
* of Cadence Design Systems, Inc. and is protected by copyright   *
* law and international treaties.  Any reproduction, use,         *
* distribution or disclosure of this program or any portion of it,*
* or any attempt to obtain a human-readable version of this       *
* program, without the express, prior written consent of          *
* Cadence Design Systems, Inc., is strictly prohibited.           *
*                                                                 *
*                 Cadence Design Systems, Inc.                    *
*                    2655 Seely Avenue                            *
*                   San Jose, CA 95134,  USA                      *
*                                                                 *
*                                                                 *
*******************************************************************

@(#)CDS: Encounter v10.12-s181_1 (32bit) 07/28/2011 22:56 (Linux 2.6)
@(#)CDS: NanoRoute v10.12-s010 NR110720-1815/10_10_USR2-UB (database version 2.30, 124.2.1) {superthreading v1.15}
@(#)CDS: CeltIC v10.12-s013_1 (32bit) 07/27/2011 04:13:10 (Linux 2.6.9-89.0.19.ELsmp)
@(#)CDS: AAE 10.12-s001 (32bit) 07/28/2011 (Linux 2.6.9-89.0.19.ELsmp)
@(#)CDS: CTE 10.12-s010_1 (32bit) Jul 18 2011 23:05:29 (Linux 2.6.9-89.0.19.ELsmp)
@(#)CDS: CPE v10.12-s007
--- Starting "Encounter v10.12-s181_1" on Mon Feb 24 03:35:31 2020 (mem=46.0M) ---
--- Running on Tera.Eng.HMC.Edu (x86_64 w/Linux 3.10.0-957.5.1.el7.x86_64) ---
This version was compiled on Thu Jul 28 22:56:00 PDT 2011.
Set DBUPerIGU to 1000.
Set net toggle Scale Factor to 1.00
Set Shrink Factor to 1.00000
<CMD> win
*** Memory pool thread-safe mode activated.
<CMD> encMessage warning 0
Suppress "**WARN ..." messages.
<CMD> encMessage debug 0
<CMD> encMessage info 0
**ERROR: (ENCSYT-6300):	couldn't open "controller_floorplan_final.enc.dat/controller.conf": no such file or directory
<CMD> encMessage warning 0
Suppress "**WARN ..." messages.
<CMD> encMessage debug 0
<CMD> encMessage info 0
**ERROR: (ENCSYT-6300):	couldn't open "controller_floorplan_final.enc.dat/controller.conf": no such file or directory
<CMD> encMessage warning 0
Suppress "**WARN ..." messages.
<CMD> encMessage debug 0
<CMD> encMessage info 0
**ERROR: (ENCSYT-6300):	couldn't open "controller_floorplan_final.enc.dat/controller.conf": no such file or directory
<CMD> encMessage warning 0
Suppress "**WARN ..." messages.
<CMD> encMessage debug 0
<CMD> encMessage info 0
**ERROR: (ENCSYT-6300):	couldn't open "controller_floorplan_final.enc.dat/controller.conf": no such file or directory

*** Memory Usage v#8 (Current mem = 219.941M, initial mem = 46.043M) ***
--- Ending "Encounter" (totcpu=0:00:39.7, real=0:02:28, mem=219.9M) ---
