\o Program:		@(#)$CDS: libManager version 6.1.8 - CAT37 09/24/2018 21:00 (ip-172-18-22-224) $
\o Sub version:		sub-version  p015 
\o Arguments:		-mpssession virtuoso41334 -mpshost tera.eng.hmc.edu 
\o Working Directory:	tera.eng.hmc.edu:/hdd/home/jschallert/IC_CAD/cadence/lab2_JS
\o 64-bit offsets
\o Qt version: 		5.9.1
\o Log file is "/hdd/home/jschallert/IC_CAD/cadence/lab2_JS/libManager.log".
\o Opening libManager window.
\a nrSetCurrentWindow(cdsLibManager)
\o changeWorkingDir("/hdd/home/jschallert/IC_CAD/cadence/lab2_JS") unnecessary.
\o ddSetForcedLib("") unnecessary.
\o MPS service: map window
\o Loading customization file "./cdsLibMgr.il"
\o Loading NCSU Library Manager customizations...done.
\a nrResizeWindow(cdsLibManager list(720 327 803 595))
\o Library Manager customization server connected.
\a nrResizeWindow(cdsLibManager list(1 31 1095 1162))
\a nrSetCurrentWindow(cdsLibManager)
\a nrResizeWindow(cdsLibManager list(1 92 1095 1101))
\a nrResizeWindow(cdsLibManager list(3950 208 803 595))
\a cdsLibManager->libListBox->value = "HMC_Sheets_8ths"
\a cdsLibManager->libLineEdit->value = "HMC_Sheets_8ths"
\a cdsLibManager->viewRefreshButton->value = t
\o MPS request: refresh library list
\a cdsLibManager->libListBox->value = nil
\a cdsLibManager->libLineEdit->value = ""
\a cdsLibManager->libListBox->value = "HMC_Sheets_8ths"
\a cdsLibManager->libLineEdit->value = "HMC_Sheets_8ths"
\a cdsLibManager->libSearchOptionsButton->value = t
\a _lmSetFilter( 'library (list nil 'FilterWith "All Of The Words"))
\a cdsLibManager->libFilterAdvancedButton->value = t
\a cdsLibManager->libFilterAdvancedButton->value = t
\a cdsLibManager->showCatsToggle->value = t
\a cdsLibManager->QToolButton7->value = t
\a cdsLibManager->showCategoriesAction->value = t
\a cdsLibManager->libCatsTreeView->value = "Everything"
\a cdsLibManager->catLineEdit->value = "Everything"
\a nrSetCurrentWindow(cdsLibManager)
\a cdsLibManager->libListBox->value = "basic"
\a cdsLibManager->libLineEdit->value = "basic"
\a cdsLibManager->libCatsTreeView->value = nil
\a cdsLibManager->catLineEdit->value = ""
\a cdsLibManager->libCatsTreeView->value = "Everything"
\a cdsLibManager->catLineEdit->value = "Everything"
\a cdsLibManager->showCatsToggle->value = nil
\a cdsLibManager->QToolButton7->value = nil
\a cdsLibManager->showCategoriesAction->value = nil
\a cdsLibManager->showFilesToggle->value = t
\a cdsLibManager->showFilesToggle->value = nil
\a cdsLibManager->libListBox->value = "UofU_Analog_Parts"
\a cdsLibManager->libLineEdit->value = "UofU_Analog_Parts"
\a cdsLibManager->libCatsTreeView->value = nil
\a cdsLibManager->catLineEdit->value = ""
\o MPS service: shutdown
\o libManager is exiting.
\a exit(0)
