ncverilog: 15.20-s069: (c) Copyright 1995-2019 Cadence Design Systems, Inc.
TOOL:	ncverilog	15.20-s069: Started on Feb 23, 2019 at 23:05:00 PST
ncverilog
	-l
	nc.log
	+access+r
	+gui
	mips_JS.sv
SOFTINCLUDE $SYSTEM_CDS_LIB_DIR/cds.lib
|
ncverilog: *W,DLCVAR (/proj/ncsu/ncsu-cdk-1.6.0.beta/cdssetup/cds.lib,1): cds.lib Invalid environment variable ''.
SOFTINCLUDE $SYSTEM_CDS_LIB_DIR/cds.lib
|
ncverilog: *W,DLCVAR (/proj/ncsu/ncsu-cdk-1.6.0.beta/cdssetup/cds.lib,1): cds.lib Invalid environment variable ''.
SOFTINCLUDE $SYSTEM_CDS_LIB_DIR/cds.lib
|
ncverilog: *W,DLCVAR (/proj/ncsu/ncsu-cdk-1.6.0.beta/cdssetup/cds.lib,1): cds.lib Invalid environment variable ''.
SOFTINCLUDE $SYSTEM_CDS_LIB_DIR/cds.lib
|
ncverilog: *W,DLCVAR (/proj/ncsu/ncsu-cdk-1.6.0.beta/cdssetup/cds.lib,1): cds.lib Invalid environment variable ''.
Recompiling... reason: file './mips_JS.sv' is newer than expected.
	expected: Sun Feb 17 18:57:34 2019
	actual:   Sat Feb 23 23:04:53 2019
SOFTINCLUDE $SYSTEM_CDS_LIB_DIR/cds.lib
|
ncverilog: *W,DLCVAR (/proj/ncsu/ncsu-cdk-1.6.0.beta/cdssetup/cds.lib,1): cds.lib Invalid environment variable ''.
SOFTINCLUDE $SYSTEM_CDS_LIB_DIR/cds.lib
|
ncvlog: *W,DLCVAR (/proj/ncsu/ncsu-cdk-1.6.0.beta/cdssetup/cds.lib,1): cds.lib Invalid environment variable ''.
file: mips_JS.sv
	module worklib.exmemory:sv
		errors: 0, warnings: 0
	Total errors/warnings found outside modules and primitives:
		errors: 0, warnings: 1
SOFTINCLUDE $SYSTEM_CDS_LIB_DIR/cds.lib
|
ncverilog: *W,DLCVAR (/proj/ncsu/ncsu-cdk-1.6.0.beta/cdssetup/cds.lib,1): cds.lib Invalid environment variable ''.
SOFTINCLUDE $SYSTEM_CDS_LIB_DIR/cds.lib
|
ncverilog: *W,DLCVAR (/proj/ncsu/ncsu-cdk-1.6.0.beta/cdssetup/cds.lib,1): cds.lib Invalid environment variable ''.
SOFTINCLUDE $SYSTEM_CDS_LIB_DIR/cds.lib
|
ncelab: *W,DLCVAR (/proj/ncsu/ncsu-cdk-1.6.0.beta/cdssetup/cds.lib,1): cds.lib Invalid environment variable ''.
		Caching library 'worklib' ....... Done
	Elaborating the design hierarchy:
ncelab: *W,DSEMEL: This SystemVerilog design will be simulated as per IEEE 1800-2009 SystemVerilog simulation semantics. Use -disable_sem2009 option for turning off SV 2009 simulation semantics.
	Building instance overlay tables: ....................
    $readmemh("memfile_JS.dat", mem);
                                  |
ncelab: *W,MEMODR (./mips_JS.sv,98|34): $readmem default memory order incompatible with IEEE1364.
 Done
	Generating native compiled code:
SOFTINCLUDE $SYSTEM_CDS_LIB_DIR/cds.lib
|
ncvlog_cg: *W,DLCVAR (/proj/ncsu/ncsu-cdk-1.6.0.beta/cdssetup/cds.lib,1): cds.lib Invalid environment variable ''.
		worklib.exmemory:sv <0x6f986c67>
			streams:   9, words:  3977
	Building instance specific data structures.
	Loading native compiled code:     .................... Done
	Design hierarchy summary:
		                   Instances  Unique
		Modules:                  66      24
		Registers:               182     128
		Scalar wires:             75       -
		Expanded wires:            7       2
		Vectored wires:          250       -
		Always blocks:            32      11
		Initial blocks:            2       2
		Cont. assignments:        25      22
		Pseudo assignments:      174     138
		Assertions:                1       1
		Compilation units:         1       1
		Simulation timescale:  100ps
	Writing initial simulation snapshot: worklib.testbench:sv
SOFTINCLUDE $SYSTEM_CDS_LIB_DIR/cds.lib
|
ncsim: *W,DLCVAR (/proj/ncsu/ncsu-cdk-1.6.0.beta/cdssetup/cds.lib,1): cds.lib Invalid environment variable ''.
ncsim: *W,DSEM2009: This SystemVerilog design is simulated as per IEEE 1800-2009 SystemVerilog simulation semantics. Use -disable_sem2009 option for turning off SV 2009 simulation semantics.

-------------------------------------
Relinquished control to SimVision...
ncsim> 
ncsim> source /cad/cds/INCISIV1520/tools/inca/files/ncsimrc
ncsim> run
Simulation completed successfully
Simulation complete via $finish(1) at time 996 NS + 0
./mips_JS.sv:80         $finish;
ncsim> ^C
ncsim> exit
TOOL:	ncverilog	15.20-s069: Exiting on Feb 23, 2019 at 23:06:01 PST  (total: 00:01:01)
